[0m15:09:12.588357 [debug] [MainThread]: Sending event: {'category': 'dbt', 'action': 'invocation', 'label': 'start', 'context': [<snowplow_tracker.self_describing_json.SelfDescribingJson object at 0x7fedd2e8bf20>, <snowplow_tracker.self_describing_json.SelfDescribingJson object at 0x7fedd2dc4cb0>, <snowplow_tracker.self_describing_json.SelfDescribingJson object at 0x7fedd3486ba0>]}


============================== 15:09:12.619099 | d550919a-27ec-4a3b-b597-9815329120d4 ==============================
[0m15:09:12.619099 [info ] [MainThread]: Running with dbt=1.11.8
[0m15:09:12.619666 [debug] [MainThread]: running dbt with arguments {'introspect': 'True', 'quiet': 'False', 'indirect_selection': 'eager', 'write_json': 'True', 'log_path': 'logs', 'send_anonymous_usage_stats': 'True', 'static_parser': 'True', 'target_path': 'None', 'partial_parse': 'True', 'use_colors': 'True', 'cache_selected_only': 'False', 'warn_error': 'None', 'version_check': 'True', 'printer_width': '80', 'debug': 'False', 'invocation_command': 'dbt init dbt_tiki', 'warn_error_options': 'WarnErrorOptionsV2(error=[], warn=[], silence=[])', 'fail_fast': 'False', 'empty': 'None', 'no_print': 'None', 'profiles_dir': '/home/thevinh/.dbt', 'log_format': 'default', 'log_cache_events': 'False', 'use_experimental_parser': 'False'}
[0m15:09:12.687174 [debug] [MainThread]: Starter project path: /home/thevinh/repos/tiki-lakehouse-pipeline/.venv/lib/python3.12/site-packages/dbt/include/starter_project
[0m15:09:12.700342 [info ] [MainThread]: 
Your new dbt project "dbt_tiki" was created!

For more information on how to configure the profiles.yml file,
please consult the dbt documentation here:

  https://docs.getdbt.com/docs/configure-your-profile

One more thing:

Need help? Don't hesitate to reach out to us via GitHub issues or on Slack:

  https://community.getdbt.com/

Happy modeling!

[0m15:09:12.701200 [info ] [MainThread]: Setting up your profile.
[0m15:09:17.155757 [debug] [MainThread]: Resource report: {"command_name": "init", "command_success": true, "command_wall_clock_time": 4.6313562, "process_in_blocks": "131784", "process_kernel_time": 0.519038, "process_mem_max_rss": "149776", "process_out_blocks": "34720", "process_user_time": 3.093043}
[0m15:09:17.157046 [debug] [MainThread]: Command `dbt init` succeeded at 15:09:17.156819 after 4.63 seconds
[0m15:09:17.157763 [debug] [MainThread]: Sending event: {'category': 'dbt', 'action': 'invocation', 'label': 'end', 'context': [<snowplow_tracker.self_describing_json.SelfDescribingJson object at 0x7fedd3a83e90>, <snowplow_tracker.self_describing_json.SelfDescribingJson object at 0x7fedd302eb40>, <snowplow_tracker.self_describing_json.SelfDescribingJson object at 0x7fedd2c880e0>]}
[0m15:09:17.158580 [debug] [MainThread]: Flushing usage events
[0m15:09:18.182522 [debug] [MainThread]: An error was encountered while trying to flush usage events
